<?xml version="1.0" encoding="UTF-8"?>
<!-- Generated by org.testng.reporters.JUnitReportReporter -->
<testsuite hostname="DESKTOP-3O467S2" failures="0" tests="3" name="com.hrm.qa.testcasses.HomePageTest" time="21.396" errors="0" timestamp="01 Mar 2022 21:42:02 GMT" skipped="0">
  <testcase classname="com.hrm.qa.testcasses.HomePageTest" name="verifyHomePageTitleTest" time="6.866"/>
  <testcase classname="com.hrm.qa.testcasses.HomePageTest" name="verifyUserNameTest" time="6.996"/>
  <testcase classname="com.hrm.qa.testcasses.HomePageTest" name="verifyCandidateLinkTest" time="7.534"/>
</testsuite> <!-- com.hrm.qa.testcasses.HomePageTest -->
