<?xml version="1.0" encoding="UTF-8"?>
<!-- Generated by org.testng.reporters.JUnitReportReporter -->
<testsuite hostname="DESKTOP-3O467S2" failures="0" tests="3" name="com.hrm.qa.testcasses.LoginPageTest" time="18.655" errors="0" timestamp="01 Mar 2022 21:42:02 GMT" skipped="0">
  <testcase classname="com.hrm.qa.testcasses.LoginPageTest" name="loginPageTitleTest" time="5.077"/>
  <testcase classname="com.hrm.qa.testcasses.LoginPageTest" name="crmLogoImageTest" time="6.188"/>
  <testcase classname="com.hrm.qa.testcasses.LoginPageTest" name="loginTest" time="7.390"/>
</testsuite> <!-- com.hrm.qa.testcasses.LoginPageTest -->
